backend-tests	Install dependencies	﻿2026-04-01T09:26:10.9392188Z ##[group]Run pip install -r requirements.txt
backend-tests	Install dependencies	2026-04-01T09:26:10.9393568Z [36;1mpip install -r requirements.txt[0m
backend-tests	Install dependencies	2026-04-01T09:26:10.9394903Z [36;1mpip install pytest pytest-asyncio httpx[0m
backend-tests	Install dependencies	2026-04-01T09:26:10.9447184Z shell: /usr/bin/bash -e {0}
backend-tests	Install dependencies	2026-04-01T09:26:10.9448156Z env:
backend-tests	Install dependencies	2026-04-01T09:26:10.9449165Z   pythonLocation: /opt/hostedtoolcache/Python/3.11.15/x64
backend-tests	Install dependencies	2026-04-01T09:26:10.9451194Z   PKG_CONFIG_PATH: /opt/hostedtoolcache/Python/3.11.15/x64/lib/pkgconfig
backend-tests	Install dependencies	2026-04-01T09:26:10.9453000Z   Python_ROOT_DIR: /opt/hostedtoolcache/Python/3.11.15/x64
backend-tests	Install dependencies	2026-04-01T09:26:10.9454604Z   Python2_ROOT_DIR: /opt/hostedtoolcache/Python/3.11.15/x64
backend-tests	Install dependencies	2026-04-01T09:26:10.9456227Z   Python3_ROOT_DIR: /opt/hostedtoolcache/Python/3.11.15/x64
backend-tests	Install dependencies	2026-04-01T09:26:10.9457843Z   LD_LIBRARY_PATH: /opt/hostedtoolcache/Python/3.11.15/x64/lib
backend-tests	Install dependencies	2026-04-01T09:26:10.9459203Z ##[endgroup]
backend-tests	Install dependencies	2026-04-01T09:26:12.1389405Z Collecting fastapi>=0.135.2 (from -r requirements.txt (line 1))
backend-tests	Install dependencies	2026-04-01T09:26:12.1938179Z   Downloading fastapi-0.135.2-py3-none-any.whl.metadata (28 kB)
backend-tests	Install dependencies	2026-04-01T09:26:12.2333943Z Collecting uvicorn>=0.42.0 (from uvicorn[standard]>=0.42.0->-r requirements.txt (line 2))
backend-tests	Install dependencies	2026-04-01T09:26:12.2370927Z   Downloading uvicorn-0.42.0-py3-none-any.whl.metadata (6.7 kB)
backend-tests	Install dependencies	2026-04-01T09:26:12.3929564Z Collecting pydantic>=2.12.5 (from -r requirements.txt (line 3))
backend-tests	Install dependencies	2026-04-01T09:26:12.3979195Z   Downloading pydantic-2.12.5-py3-none-any.whl.metadata (90 kB)
backend-tests	Install dependencies	2026-04-01T09:26:12.4304847Z Collecting pydantic-settings>=2.13.1 (from -r requirements.txt (line 4))
backend-tests	Install dependencies	2026-04-01T09:26:12.4352621Z   Downloading pydantic_settings-2.13.1-py3-none-any.whl.metadata (3.4 kB)
backend-tests	Install dependencies	2026-04-01T09:26:12.4595049Z Collecting platformdirs>=4.9.4 (from -r requirements.txt (line 5))
backend-tests	Install dependencies	2026-04-01T09:26:12.4644471Z   Downloading platformdirs-4.9.4-py3-none-any.whl.metadata (4.7 kB)
backend-tests	Install dependencies	2026-04-01T09:26:12.4838510Z Collecting httpx>=0.28.1 (from -r requirements.txt (line 6))
backend-tests	Install dependencies	2026-04-01T09:26:12.4860746Z   Downloading httpx-0.28.1-py3-none-any.whl.metadata (7.1 kB)
backend-tests	Install dependencies	2026-04-01T09:26:12.4978550Z Collecting aiosqlite>=0.22.1 (from -r requirements.txt (line 7))
backend-tests	Install dependencies	2026-04-01T09:26:12.5015059Z   Downloading aiosqlite-0.22.1-py3-none-any.whl.metadata (4.3 kB)
backend-tests	Install dependencies	2026-04-01T09:26:12.5236621Z Collecting qdrant-client>=1.17.1 (from -r requirements.txt (line 8))
backend-tests	Install dependencies	2026-04-01T09:26:12.5282016Z   Downloading qdrant_client-1.17.1-py3-none-any.whl.metadata (11 kB)
backend-tests	Install dependencies	2026-04-01T09:26:12.6655412Z Collecting PyMuPDF>=1.27.2.2 (from -r requirements.txt (line 11))
backend-tests	Install dependencies	2026-04-01T09:26:12.6696471Z   Downloading pymupdf-1.27.2.2-cp310-abi3-manylinux_2_28_x86_64.whl.metadata (3.4 kB)
backend-tests	Install dependencies	2026-04-01T09:26:12.6807648Z Collecting python-multipart>=0.0.22 (from -r requirements.txt (line 12))
backend-tests	Install dependencies	2026-04-01T09:26:12.6844560Z   Downloading python_multipart-0.0.22-py3-none-any.whl.metadata (1.8 kB)
backend-tests	Install dependencies	2026-04-01T09:26:12.7056164Z Collecting redis>=7.4.0 (from -r requirements.txt (line 13))
backend-tests	Install dependencies	2026-04-01T09:26:12.7097132Z   Downloading redis-7.4.0-py3-none-any.whl.metadata (12 kB)
backend-tests	Install dependencies	2026-04-01T09:26:12.7247290Z Collecting structlog>=25.5.0 (from -r requirements.txt (line 14))
backend-tests	Install dependencies	2026-04-01T09:26:12.7286783Z   Downloading structlog-25.5.0-py3-none-any.whl.metadata (9.5 kB)
backend-tests	Install dependencies	2026-04-01T09:26:12.7425912Z Collecting tenacity>=9.1.4 (from -r requirements.txt (line 15))
backend-tests	Install dependencies	2026-04-01T09:26:12.7468831Z   Downloading tenacity-9.1.4-py3-none-any.whl.metadata (1.2 kB)
backend-tests	Install dependencies	2026-04-01T09:26:12.7630574Z Collecting arq>=0.27.0 (from -r requirements.txt (line 16))
backend-tests	Install dependencies	2026-04-01T09:26:12.7680790Z   Downloading arq-0.27.0-py3-none-any.whl.metadata (2.8 kB)
backend-tests	Install dependencies	2026-04-01T09:26:12.7837580Z Collecting neo4j>=6.1.0 (from -r requirements.txt (line 17))
backend-tests	Install dependencies	2026-04-01T09:26:12.7890946Z   Downloading neo4j-6.1.0-py3-none-any.whl.metadata (5.3 kB)
backend-tests	Install dependencies	2026-04-01T09:26:12.8339070Z Collecting pytest>=7.0.0 (from -r requirements.txt (line 18))
backend-tests	Install dependencies	2026-04-01T09:26:12.8382905Z   Downloading pytest-9.0.2-py3-none-any.whl.metadata (7.6 kB)
backend-tests	Install dependencies	2026-04-01T09:26:12.8561852Z Collecting pytest-asyncio>=0.21.0 (from -r requirements.txt (line 19))
backend-tests	Install dependencies	2026-04-01T09:26:12.8598553Z   Downloading pytest_asyncio-1.3.0-py3-none-any.whl.metadata (4.1 kB)
backend-tests	Install dependencies	2026-04-01T09:26:12.8752458Z Collecting pytest-cov>=4.0.0 (from -r requirements.txt (line 20))
backend-tests	Install dependencies	2026-04-01T09:26:12.8790670Z   Downloading pytest_cov-7.1.0-py3-none-any.whl.metadata (32 kB)
backend-tests	Install dependencies	2026-04-01T09:26:13.2098474Z Collecting ruff>=0.1.0 (from -r requirements.txt (line 21))
backend-tests	Install dependencies	2026-04-01T09:26:13.2141264Z   Downloading ruff-0.15.8-py3-none-manylinux_2_17_x86_64.manylinux2014_x86_64.whl.metadata (26 kB)
backend-tests	Install dependencies	2026-04-01T09:26:13.2657914Z Collecting black>=23.0.0 (from -r requirements.txt (line 22))
backend-tests	Install dependencies	2026-04-01T09:26:13.2698960Z   Downloading black-26.3.1-cp311-cp311-manylinux2014_x86_64.manylinux_2_17_x86_64.manylinux_2_28_x86_64.whl.metadata (91 kB)
backend-tests	Install dependencies	2026-04-01T09:26:13.3306507Z Collecting rdkit>=2023.09.1 (from -r requirements.txt (line 23))
backend-tests	Install dependencies	2026-04-01T09:26:13.3363531Z   Downloading rdkit-2025.9.6-cp311-cp311-manylinux_2_28_x86_64.whl.metadata (3.8 kB)
backend-tests	Install dependencies	2026-04-01T09:26:13.4785803Z Collecting matplotlib>=3.7.0 (from -r requirements.txt (line 26))
backend-tests	Install dependencies	2026-04-01T09:26:13.4821070Z   Downloading matplotlib-3.10.8-cp311-cp311-manylinux2014_x86_64.manylinux_2_17_x86_64.whl.metadata (52 kB)
backend-tests	Install dependencies	2026-04-01T09:26:13.5196503Z Collecting plotly>=5.15.0 (from -r requirements.txt (line 27))
backend-tests	Install dependencies	2026-04-01T09:26:13.5232196Z   Downloading plotly-6.6.0-py3-none-any.whl.metadata (8.5 kB)
backend-tests	Install dependencies	2026-04-01T09:26:13.5449110Z Collecting networkx>=3.1 (from -r requirements.txt (line 28))
backend-tests	Install dependencies	2026-04-01T09:26:13.5483411Z   Downloading networkx-3.6.1-py3-none-any.whl.metadata (6.8 kB)
backend-tests	Install dependencies	2026-04-01T09:26:13.6557319Z Collecting pandas>=2.0.0 (from -r requirements.txt (line 29))
backend-tests	Install dependencies	2026-04-01T09:26:13.6598234Z   Downloading pandas-3.0.2-cp311-cp311-manylinux_2_24_x86_64.manylinux_2_28_x86_64.whl.metadata (79 kB)
backend-tests	Install dependencies	2026-04-01T09:26:13.6968371Z Collecting openpyxl>=3.1.0 (from -r requirements.txt (line 30))
backend-tests	Install dependencies	2026-04-01T09:26:13.7009297Z   Downloading openpyxl-3.1.5-py2.py3-none-any.whl.metadata (2.5 kB)
backend-tests	Install dependencies	2026-04-01T09:26:13.9175020Z Collecting numpy>=1.24.0 (from -r requirements.txt (line 31))
backend-tests	Install dependencies	2026-04-01T09:26:13.9221862Z   Downloading numpy-2.4.4-cp311-cp311-manylinux_2_27_x86_64.manylinux_2_28_x86_64.whl.metadata (6.6 kB)
backend-tests	Install dependencies	2026-04-01T09:26:13.9844789Z Collecting psutil>=5.9.0 (from -r requirements.txt (line 32))
backend-tests	Install dependencies	2026-04-01T09:26:13.9886218Z   Downloading psutil-7.2.2-cp36-abi3-manylinux2010_x86_64.manylinux_2_12_x86_64.manylinux_2_28_x86_64.whl.metadata (22 kB)
backend-tests	Install dependencies	2026-04-01T09:26:14.2246107Z Collecting SQLAlchemy>=2.0.36 (from -r requirements.txt (line 35))
backend-tests	Install dependencies	2026-04-01T09:26:14.2283215Z   Downloading sqlalchemy-2.0.48-cp311-cp311-manylinux2014_x86_64.manylinux_2_17_x86_64.manylinux_2_28_x86_64.whl.metadata (9.5 kB)
backend-tests	Install dependencies	2026-04-01T09:26:14.2710111Z Collecting asyncpg>=0.30.0 (from -r requirements.txt (line 36))
backend-tests	Install dependencies	2026-04-01T09:26:14.2747907Z   Downloading asyncpg-0.31.0-cp311-cp311-manylinux2014_x86_64.manylinux_2_17_x86_64.manylinux_2_28_x86_64.whl.metadata (4.4 kB)
backend-tests	Install dependencies	2026-04-01T09:26:14.5272871Z Collecting boto3>=1.35.79 (from -r requirements.txt (line 37))
backend-tests	Install dependencies	2026-04-01T09:26:14.5313420Z   Downloading boto3-1.42.80-py3-none-any.whl.metadata (6.7 kB)
backend-tests	Install dependencies	2026-04-01T09:26:14.5465567Z Collecting PyJWT>=2.10.1 (from -r requirements.txt (line 38))
backend-tests	Install dependencies	2026-04-01T09:26:14.5501949Z   Downloading pyjwt-2.12.1-py3-none-any.whl.metadata (4.1 kB)
backend-tests	Install dependencies	2026-04-01T09:26:14.5644309Z Collecting passlib>=1.7.4 (from passlib[bcrypt]>=1.7.4->-r requirements.txt (line 39))
backend-tests	Install dependencies	2026-04-01T09:26:14.5680572Z   Downloading passlib-1.7.4-py2.py3-none-any.whl.metadata (1.7 kB)
backend-tests	Install dependencies	2026-04-01T09:26:14.5906725Z Collecting starlette>=0.46.0 (from fastapi>=0.135.2->-r requirements.txt (line 1))
backend-tests	Install dependencies	2026-04-01T09:26:14.5941644Z   Downloading starlette-1.0.0-py3-none-any.whl.metadata (6.3 kB)
backend-tests	Install dependencies	2026-04-01T09:26:14.6112807Z Collecting typing-extensions>=4.8.0 (from fastapi>=0.135.2->-r requirements.txt (line 1))
backend-tests	Install dependencies	2026-04-01T09:26:14.6146620Z   Downloading typing_extensions-4.15.0-py3-none-any.whl.metadata (3.3 kB)
backend-tests	Install dependencies	2026-04-01T09:26:14.6245216Z Collecting typing-inspection>=0.4.2 (from fastapi>=0.135.2->-r requirements.txt (line 1))
backend-tests	Install dependencies	2026-04-01T09:26:14.6282277Z   Downloading typing_inspection-0.4.2-py3-none-any.whl.metadata (2.6 kB)
backend-tests	Install dependencies	2026-04-01T09:26:14.6375409Z Collecting annotated-doc>=0.0.2 (from fastapi>=0.135.2->-r requirements.txt (line 1))
backend-tests	Install dependencies	2026-04-01T09:26:14.6428545Z   Downloading annotated_doc-0.0.4-py3-none-any.whl.metadata (6.6 kB)
backend-tests	Install dependencies	2026-04-01T09:26:14.6586729Z Collecting click>=7.0 (from uvicorn>=0.42.0->uvicorn[standard]>=0.42.0->-r requirements.txt (line 2))
backend-tests	Install dependencies	2026-04-01T09:26:14.6621304Z   Downloading click-8.3.1-py3-none-any.whl.metadata (2.6 kB)
backend-tests	Install dependencies	2026-04-01T09:26:14.6732944Z Collecting h11>=0.8 (from uvicorn>=0.42.0->uvicorn[standard]>=0.42.0->-r requirements.txt (line 2))
backend-tests	Install dependencies	2026-04-01T09:26:14.6767205Z   Downloading h11-0.16.0-py3-none-any.whl.metadata (8.3 kB)
backend-tests	Install dependencies	2026-04-01T09:26:14.6876905Z Collecting annotated-types>=0.6.0 (from pydantic>=2.12.5->-r requirements.txt (line 3))
backend-tests	Install dependencies	2026-04-01T09:26:14.6911398Z   Downloading annotated_types-0.7.0-py3-none-any.whl.metadata (15 kB)
backend-tests	Install dependencies	2026-04-01T09:26:15.3356321Z Collecting pydantic-core==2.41.5 (from pydantic>=2.12.5->-r requirements.txt (line 3))
backend-tests	Install dependencies	2026-04-01T09:26:15.3394875Z   Downloading pydantic_core-2.41.5-cp311-cp311-manylinux_2_17_x86_64.manylinux2014_x86_64.whl.metadata (7.3 kB)
backend-tests	Install dependencies	2026-04-01T09:26:15.3582436Z Collecting python-dotenv>=0.21.0 (from pydantic-settings>=2.13.1->-r requirements.txt (line 4))
backend-tests	Install dependencies	2026-04-01T09:26:15.3619335Z   Downloading python_dotenv-1.2.2-py3-none-any.whl.metadata (27 kB)
backend-tests	Install dependencies	2026-04-01T09:26:15.3828628Z Collecting anyio (from httpx>=0.28.1->-r requirements.txt (line 6))
backend-tests	Install dependencies	2026-04-01T09:26:15.3866029Z   Downloading anyio-4.13.0-py3-none-any.whl.metadata (4.5 kB)
backend-tests	Install dependencies	2026-04-01T09:26:15.4052937Z Collecting certifi (from httpx>=0.28.1->-r requirements.txt (line 6))
backend-tests	Install dependencies	2026-04-01T09:26:15.4087467Z   Downloading certifi-2026.2.25-py3-none-any.whl.metadata (2.5 kB)
backend-tests	Install dependencies	2026-04-01T09:26:15.4246730Z Collecting httpcore==1.* (from httpx>=0.28.1->-r requirements.txt (line 6))
backend-tests	Install dependencies	2026-04-01T09:26:15.4281036Z   Downloading httpcore-1.0.9-py3-none-any.whl.metadata (21 kB)
backend-tests	Install dependencies	2026-04-01T09:26:15.4423386Z Collecting idna (from httpx>=0.28.1->-r requirements.txt (line 6))
backend-tests	Install dependencies	2026-04-01T09:26:15.4457736Z   Downloading idna-3.11-py3-none-any.whl.metadata (8.4 kB)
backend-tests	Install dependencies	2026-04-01T09:26:15.9585055Z Collecting grpcio>=1.41.0 (from qdrant-client>=1.17.1->-r requirements.txt (line 8))
backend-tests	Install dependencies	2026-04-01T09:26:15.9626080Z   Downloading grpcio-1.80.0-cp311-cp311-manylinux2014_x86_64.manylinux_2_17_x86_64.whl.metadata (3.8 kB)
backend-tests	Install dependencies	2026-04-01T09:26:15.9810056Z Collecting portalocker<4.0,>=2.7.0 (from qdrant-client>=1.17.1->-r requirements.txt (line 8))
backend-tests	Install dependencies	2026-04-01T09:26:15.9852551Z   Downloading portalocker-3.2.0-py3-none-any.whl.metadata (8.7 kB)
backend-tests	Install dependencies	2026-04-01T09:26:16.1215892Z Collecting protobuf>=3.20.0 (from qdrant-client>=1.17.1->-r requirements.txt (line 8))
backend-tests	Install dependencies	2026-04-01T09:26:16.1252573Z   Downloading protobuf-7.34.1-cp310-abi3-manylinux2014_x86_64.whl.metadata (595 bytes)
backend-tests	Install dependencies	2026-04-01T09:26:16.1566781Z Collecting urllib3<3,>=1.26.14 (from qdrant-client>=1.17.1->-r requirements.txt (line 8))
backend-tests	Install dependencies	2026-04-01T09:26:16.1602553Z   Downloading urllib3-2.6.3-py3-none-any.whl.metadata (6.9 kB)
backend-tests	Install dependencies	2026-04-01T09:26:16.1719711Z INFO: pip is looking at multiple versions of arq to determine which version is compatible with other requirements. This could take a while.
backend-tests	Install dependencies	2026-04-01T09:26:16.1800066Z   Downloading urllib3-2.6.2-py3-none-any.whl.metadata (6.6 kB)
backend-tests	Install dependencies	2026-04-01T09:26:16.1847662Z Collecting portalocker<4.0,>=2.7.0 (from qdrant-client>=1.17.1->-r requirements.txt (line 8))
backend-tests	Install dependencies	2026-04-01T09:26:16.1897355Z   Downloading portalocker-3.1.1-py3-none-any.whl.metadata (8.6 kB)
backend-tests	Install dependencies	2026-04-01T09:26:16.1953055Z Collecting httpcore==1.* (from httpx>=0.28.1->-r requirements.txt (line 6))
backend-tests	Install dependencies	2026-04-01T09:26:16.1996068Z   Downloading httpcore-1.0.8-py3-none-any.whl.metadata (21 kB)
backend-tests	Install dependencies	2026-04-01T09:26:16.2057884Z ERROR: Cannot install -r requirements.txt (line 16) and redis>=7.4.0 because these package versions have conflicting dependencies.
backend-tests	Install dependencies	2026-04-01T09:26:16.2062990Z 
backend-tests	Install dependencies	2026-04-01T09:26:16.2063347Z The conflict is caused by:
backend-tests	Install dependencies	2026-04-01T09:26:16.2073910Z     The user requested redis>=7.4.0
backend-tests	Install dependencies	2026-04-01T09:26:16.2075981Z     arq 0.27.0 depends on redis<6 and >=4.2.0
backend-tests	Install dependencies	2026-04-01T09:26:16.2078046Z 
backend-tests	Install dependencies	2026-04-01T09:26:16.2078899Z Additionally, some packages in these conflicts have no matching distributions available for your environment:
backend-tests	Install dependencies	2026-04-01T09:26:16.2079736Z     redis
backend-tests	Install dependencies	2026-04-01T09:26:16.2080101Z 
backend-tests	Install dependencies	2026-04-01T09:26:16.2080241Z To fix this you could try to:
backend-tests	Install dependencies	2026-04-01T09:26:16.2080734Z 1. loosen the range of package versions you've specified
backend-tests	Install dependencies	2026-04-01T09:26:16.2081552Z 2. remove package versions to allow pip to attempt to solve the dependency conflict
backend-tests	Install dependencies	2026-04-01T09:26:16.2082133Z 
backend-tests	Install dependencies	2026-04-01T09:26:16.3029169Z ERROR: ResolutionImpossible: for help visit https://pip.pypa.io/en/latest/topics/dependency-resolution/#dealing-with-dependency-conflicts
backend-tests	Install dependencies	2026-04-01T09:26:16.8695054Z ##[error]Process completed with exit code 1.
frontend-build	Build frontend	﻿2026-04-01T09:26:32.2773643Z ##[group]Run npm run build
frontend-build	Build frontend	2026-04-01T09:26:32.2774398Z [36;1mnpm run build[0m
frontend-build	Build frontend	2026-04-01T09:26:32.2810035Z shell: /usr/bin/bash -e {0}
frontend-build	Build frontend	2026-04-01T09:26:32.2810388Z ##[endgroup]
frontend-build	Build frontend	2026-04-01T09:26:32.5915741Z 
frontend-build	Build frontend	2026-04-01T09:26:32.5919797Z > drug-designer-web@1.0.0 build
frontend-build	Build frontend	2026-04-01T09:26:32.5920725Z > tsc -b && vite build
frontend-build	Build frontend	2026-04-01T09:26:32.5921172Z 
frontend-build	Build frontend	2026-04-01T09:26:41.9769738Z [36mvite v8.0.2 [32mbuilding client environment for production...[36m[39m
frontend-build	Build frontend	2026-04-01T09:26:41.9897168Z [33mWarning: Invalid output options (1 issue found)
frontend-build	Build frontend	2026-04-01T09:26:41.9911067Z - For the "manualChunks". Invalid type: Expected Function but received Object. [0m
frontend-build	Build frontend	2026-04-01T09:26:42.0048413Z [2K
frontend-build	Build frontend	2026-04-01T09:26:42.7841333Z transforming...✓ 2392 modules transformed.
frontend-build	Build frontend	2026-04-01T09:26:42.8188834Z <anonymous_script>:0
frontend-build	Build frontend	2026-04-01T09:26:42.8198959Z 
frontend-build	Build frontend	2026-04-01T09:26:42.8198994Z 
frontend-build	Build frontend	2026-04-01T09:26:42.8199325Z TypeError: manualChunks is not a function
frontend-build	Build frontend	2026-04-01T09:26:42.8200503Z     at name (file:///home/runner/work/Workbench/Workbench/apps/web/node_modules/rolldown/dist/shared/rolldown-build-CL9PyQ2E.mjs:3104:10)
frontend-build	Build frontend	2026-04-01T09:26:42.8203921Z     at name (file:///home/runner/work/Workbench/Workbench/apps/web/node_modules/rolldown/dist/shared/rolldown-build-CL9PyQ2E.mjs:3115:54)
frontend-build	Build frontend	2026-04-01T09:26:42.8225364Z 
frontend-build	Build frontend	2026-04-01T09:26:42.8226997Z Node.js v20.20.1
frontend-build	Build frontend	2026-04-01T09:26:42.8410979Z ##[error]Process completed with exit code 1.
