backend-tests	Install dependencies	﻿2026-04-01T09:29:43.7171158Z ##[group]Run pip install -r requirements.txt
backend-tests	Install dependencies	2026-04-01T09:29:43.7172496Z [36;1mpip install -r requirements.txt[0m
backend-tests	Install dependencies	2026-04-01T09:29:43.7173713Z [36;1mpip install pytest pytest-asyncio httpx[0m
backend-tests	Install dependencies	2026-04-01T09:29:43.7220696Z shell: /usr/bin/bash -e {0}
backend-tests	Install dependencies	2026-04-01T09:29:43.7221621Z env:
backend-tests	Install dependencies	2026-04-01T09:29:43.7222540Z   pythonLocation: /opt/hostedtoolcache/Python/3.11.15/x64
backend-tests	Install dependencies	2026-04-01T09:29:43.7224203Z   PKG_CONFIG_PATH: /opt/hostedtoolcache/Python/3.11.15/x64/lib/pkgconfig
backend-tests	Install dependencies	2026-04-01T09:29:43.7225861Z   Python_ROOT_DIR: /opt/hostedtoolcache/Python/3.11.15/x64
backend-tests	Install dependencies	2026-04-01T09:29:43.7227333Z   Python2_ROOT_DIR: /opt/hostedtoolcache/Python/3.11.15/x64
backend-tests	Install dependencies	2026-04-01T09:29:43.7228836Z   Python3_ROOT_DIR: /opt/hostedtoolcache/Python/3.11.15/x64
backend-tests	Install dependencies	2026-04-01T09:29:43.7230783Z   LD_LIBRARY_PATH: /opt/hostedtoolcache/Python/3.11.15/x64/lib
backend-tests	Install dependencies	2026-04-01T09:29:43.7232289Z ##[endgroup]
backend-tests	Install dependencies	2026-04-01T09:29:44.8983726Z Collecting fastapi>=0.135.2 (from -r requirements.txt (line 1))
backend-tests	Install dependencies	2026-04-01T09:29:44.9835228Z   Downloading fastapi-0.135.2-py3-none-any.whl.metadata (28 kB)
backend-tests	Install dependencies	2026-04-01T09:29:45.0465771Z Collecting uvicorn>=0.42.0 (from uvicorn[standard]>=0.42.0->-r requirements.txt (line 2))
backend-tests	Install dependencies	2026-04-01T09:29:45.0609749Z   Downloading uvicorn-0.42.0-py3-none-any.whl.metadata (6.7 kB)
backend-tests	Install dependencies	2026-04-01T09:29:45.2958275Z Collecting pydantic>=2.12.5 (from -r requirements.txt (line 3))
backend-tests	Install dependencies	2026-04-01T09:29:45.3131981Z   Downloading pydantic-2.12.5-py3-none-any.whl.metadata (90 kB)
backend-tests	Install dependencies	2026-04-01T09:29:45.3546679Z Collecting pydantic-settings>=2.13.1 (from -r requirements.txt (line 4))
backend-tests	Install dependencies	2026-04-01T09:29:45.3682752Z   Downloading pydantic_settings-2.13.1-py3-none-any.whl.metadata (3.4 kB)
backend-tests	Install dependencies	2026-04-01T09:29:45.3973433Z Collecting platformdirs>=4.9.4 (from -r requirements.txt (line 5))
backend-tests	Install dependencies	2026-04-01T09:29:45.4106687Z   Downloading platformdirs-4.9.4-py3-none-any.whl.metadata (4.7 kB)
backend-tests	Install dependencies	2026-04-01T09:29:45.4452351Z Collecting httpx>=0.28.1 (from -r requirements.txt (line 6))
backend-tests	Install dependencies	2026-04-01T09:29:45.4595318Z   Downloading httpx-0.28.1-py3-none-any.whl.metadata (7.1 kB)
backend-tests	Install dependencies	2026-04-01T09:29:45.4899500Z Collecting aiosqlite>=0.22.1 (from -r requirements.txt (line 7))
backend-tests	Install dependencies	2026-04-01T09:29:45.5041638Z   Downloading aiosqlite-0.22.1-py3-none-any.whl.metadata (4.3 kB)
backend-tests	Install dependencies	2026-04-01T09:29:45.5557473Z Collecting qdrant-client>=1.17.1 (from -r requirements.txt (line 8))
backend-tests	Install dependencies	2026-04-01T09:29:45.5711366Z   Downloading qdrant_client-1.17.1-py3-none-any.whl.metadata (11 kB)
backend-tests	Install dependencies	2026-04-01T09:29:45.7591344Z Collecting PyMuPDF>=1.27.2.2 (from -r requirements.txt (line 11))
backend-tests	Install dependencies	2026-04-01T09:29:45.7741669Z   Downloading pymupdf-1.27.2.2-cp310-abi3-manylinux_2_28_x86_64.whl.metadata (3.4 kB)
backend-tests	Install dependencies	2026-04-01T09:29:45.7988932Z Collecting python-multipart>=0.0.22 (from -r requirements.txt (line 12))
backend-tests	Install dependencies	2026-04-01T09:29:45.8125979Z   Downloading python_multipart-0.0.22-py3-none-any.whl.metadata (1.8 kB)
backend-tests	Install dependencies	2026-04-01T09:29:45.8523933Z Collecting redis>=7.4.0 (from -r requirements.txt (line 13))
backend-tests	Install dependencies	2026-04-01T09:29:45.8656910Z   Downloading redis-7.4.0-py3-none-any.whl.metadata (12 kB)
backend-tests	Install dependencies	2026-04-01T09:29:45.8942589Z Collecting structlog>=25.5.0 (from -r requirements.txt (line 14))
backend-tests	Install dependencies	2026-04-01T09:29:45.9077119Z   Downloading structlog-25.5.0-py3-none-any.whl.metadata (9.5 kB)
backend-tests	Install dependencies	2026-04-01T09:29:45.9348339Z Collecting tenacity>=9.1.4 (from -r requirements.txt (line 15))
backend-tests	Install dependencies	2026-04-01T09:29:45.9486363Z   Downloading tenacity-9.1.4-py3-none-any.whl.metadata (1.2 kB)
backend-tests	Install dependencies	2026-04-01T09:29:45.9801039Z Collecting arq>=0.27.0 (from -r requirements.txt (line 16))
backend-tests	Install dependencies	2026-04-01T09:29:45.9935997Z   Downloading arq-0.27.0-py3-none-any.whl.metadata (2.8 kB)
backend-tests	Install dependencies	2026-04-01T09:29:46.0223552Z Collecting neo4j>=6.1.0 (from -r requirements.txt (line 17))
backend-tests	Install dependencies	2026-04-01T09:29:46.0366673Z   Downloading neo4j-6.1.0-py3-none-any.whl.metadata (5.3 kB)
backend-tests	Install dependencies	2026-04-01T09:29:46.0854173Z Collecting pytest>=7.0.0 (from -r requirements.txt (line 18))
backend-tests	Install dependencies	2026-04-01T09:29:46.0989438Z   Downloading pytest-9.0.2-py3-none-any.whl.metadata (7.6 kB)
backend-tests	Install dependencies	2026-04-01T09:29:46.1315577Z Collecting pytest-asyncio>=0.21.0 (from -r requirements.txt (line 19))
backend-tests	Install dependencies	2026-04-01T09:29:46.1450761Z   Downloading pytest_asyncio-1.3.0-py3-none-any.whl.metadata (4.1 kB)
backend-tests	Install dependencies	2026-04-01T09:29:46.1718953Z Collecting pytest-cov>=4.0.0 (from -r requirements.txt (line 20))
backend-tests	Install dependencies	2026-04-01T09:29:46.1853561Z   Downloading pytest_cov-7.1.0-py3-none-any.whl.metadata (32 kB)
backend-tests	Install dependencies	2026-04-01T09:29:46.6005595Z Collecting ruff>=0.1.0 (from -r requirements.txt (line 21))
backend-tests	Install dependencies	2026-04-01T09:29:46.6144951Z   Downloading ruff-0.15.8-py3-none-manylinux_2_17_x86_64.manylinux2014_x86_64.whl.metadata (26 kB)
backend-tests	Install dependencies	2026-04-01T09:29:46.6842306Z Collecting black>=23.0.0 (from -r requirements.txt (line 22))
backend-tests	Install dependencies	2026-04-01T09:29:46.6979025Z   Downloading black-26.3.1-cp311-cp311-manylinux2014_x86_64.manylinux_2_17_x86_64.manylinux_2_28_x86_64.whl.metadata (91 kB)
backend-tests	Install dependencies	2026-04-01T09:29:46.7839453Z Collecting rdkit>=2023.09.1 (from -r requirements.txt (line 23))
backend-tests	Install dependencies	2026-04-01T09:29:46.7988514Z   Downloading rdkit-2025.9.6-cp311-cp311-manylinux_2_28_x86_64.whl.metadata (3.8 kB)
backend-tests	Install dependencies	2026-04-01T09:29:46.9709134Z Collecting matplotlib>=3.7.0 (from -r requirements.txt (line 26))
backend-tests	Install dependencies	2026-04-01T09:29:46.9845945Z   Downloading matplotlib-3.10.8-cp311-cp311-manylinux2014_x86_64.manylinux_2_17_x86_64.whl.metadata (52 kB)
backend-tests	Install dependencies	2026-04-01T09:29:47.0382839Z Collecting plotly>=5.15.0 (from -r requirements.txt (line 27))
backend-tests	Install dependencies	2026-04-01T09:29:47.0516873Z   Downloading plotly-6.6.0-py3-none-any.whl.metadata (8.5 kB)
backend-tests	Install dependencies	2026-04-01T09:29:47.0899192Z Collecting networkx>=3.1 (from -r requirements.txt (line 28))
backend-tests	Install dependencies	2026-04-01T09:29:47.1023502Z   Downloading networkx-3.6.1-py3-none-any.whl.metadata (6.8 kB)
backend-tests	Install dependencies	2026-04-01T09:29:47.2403444Z Collecting pandas>=2.0.0 (from -r requirements.txt (line 29))
backend-tests	Install dependencies	2026-04-01T09:29:47.2541061Z   Downloading pandas-3.0.2-cp311-cp311-manylinux_2_24_x86_64.manylinux_2_28_x86_64.whl.metadata (79 kB)
backend-tests	Install dependencies	2026-04-01T09:29:47.3050101Z Collecting openpyxl>=3.1.0 (from -r requirements.txt (line 30))
backend-tests	Install dependencies	2026-04-01T09:29:47.3196417Z   Downloading openpyxl-3.1.5-py2.py3-none-any.whl.metadata (2.5 kB)
backend-tests	Install dependencies	2026-04-01T09:29:47.5768172Z Collecting numpy>=1.24.0 (from -r requirements.txt (line 31))
backend-tests	Install dependencies	2026-04-01T09:29:47.5904707Z   Downloading numpy-2.4.4-cp311-cp311-manylinux_2_27_x86_64.manylinux_2_28_x86_64.whl.metadata (6.6 kB)
backend-tests	Install dependencies	2026-04-01T09:29:47.6708150Z Collecting psutil>=5.9.0 (from -r requirements.txt (line 32))
backend-tests	Install dependencies	2026-04-01T09:29:47.6846356Z   Downloading psutil-7.2.2-cp36-abi3-manylinux2010_x86_64.manylinux_2_12_x86_64.manylinux_2_28_x86_64.whl.metadata (22 kB)
backend-tests	Install dependencies	2026-04-01T09:29:47.9671293Z Collecting SQLAlchemy>=2.0.36 (from -r requirements.txt (line 35))
backend-tests	Install dependencies	2026-04-01T09:29:47.9807089Z   Downloading sqlalchemy-2.0.48-cp311-cp311-manylinux2014_x86_64.manylinux_2_17_x86_64.manylinux_2_28_x86_64.whl.metadata (9.5 kB)
backend-tests	Install dependencies	2026-04-01T09:29:48.0395287Z Collecting asyncpg>=0.30.0 (from -r requirements.txt (line 36))
backend-tests	Install dependencies	2026-04-01T09:29:48.0588205Z   Downloading asyncpg-0.31.0-cp311-cp311-manylinux2014_x86_64.manylinux_2_17_x86_64.manylinux_2_28_x86_64.whl.metadata (4.4 kB)
backend-tests	Install dependencies	2026-04-01T09:29:48.3305657Z Collecting boto3>=1.35.79 (from -r requirements.txt (line 37))
backend-tests	Install dependencies	2026-04-01T09:29:48.3446804Z   Downloading boto3-1.42.80-py3-none-any.whl.metadata (6.7 kB)
backend-tests	Install dependencies	2026-04-01T09:29:48.3724091Z Collecting PyJWT>=2.10.1 (from -r requirements.txt (line 38))
backend-tests	Install dependencies	2026-04-01T09:29:48.3857375Z   Downloading pyjwt-2.12.1-py3-none-any.whl.metadata (4.1 kB)
backend-tests	Install dependencies	2026-04-01T09:29:48.4112629Z Collecting passlib>=1.7.4 (from passlib[bcrypt]>=1.7.4->-r requirements.txt (line 39))
backend-tests	Install dependencies	2026-04-01T09:29:48.4246717Z   Downloading passlib-1.7.4-py2.py3-none-any.whl.metadata (1.7 kB)
backend-tests	Install dependencies	2026-04-01T09:29:48.4593994Z Collecting starlette>=0.46.0 (from fastapi>=0.135.2->-r requirements.txt (line 1))
backend-tests	Install dependencies	2026-04-01T09:29:48.4726010Z   Downloading starlette-1.0.0-py3-none-any.whl.metadata (6.3 kB)
backend-tests	Install dependencies	2026-04-01T09:29:48.5033367Z Collecting typing-extensions>=4.8.0 (from fastapi>=0.135.2->-r requirements.txt (line 1))
backend-tests	Install dependencies	2026-04-01T09:29:48.5165471Z   Downloading typing_extensions-4.15.0-py3-none-any.whl.metadata (3.3 kB)
backend-tests	Install dependencies	2026-04-01T09:29:48.5397098Z Collecting typing-inspection>=0.4.2 (from fastapi>=0.135.2->-r requirements.txt (line 1))
backend-tests	Install dependencies	2026-04-01T09:29:48.5533597Z   Downloading typing_inspection-0.4.2-py3-none-any.whl.metadata (2.6 kB)
backend-tests	Install dependencies	2026-04-01T09:29:48.5769421Z Collecting annotated-doc>=0.0.2 (from fastapi>=0.135.2->-r requirements.txt (line 1))
backend-tests	Install dependencies	2026-04-01T09:29:48.5902894Z   Downloading annotated_doc-0.0.4-py3-none-any.whl.metadata (6.6 kB)
backend-tests	Install dependencies	2026-04-01T09:29:48.6186346Z Collecting click>=7.0 (from uvicorn>=0.42.0->uvicorn[standard]>=0.42.0->-r requirements.txt (line 2))
backend-tests	Install dependencies	2026-04-01T09:29:48.6318665Z   Downloading click-8.3.1-py3-none-any.whl.metadata (2.6 kB)
backend-tests	Install dependencies	2026-04-01T09:29:48.6549527Z Collecting h11>=0.8 (from uvicorn>=0.42.0->uvicorn[standard]>=0.42.0->-r requirements.txt (line 2))
backend-tests	Install dependencies	2026-04-01T09:29:48.6682675Z   Downloading h11-0.16.0-py3-none-any.whl.metadata (8.3 kB)
backend-tests	Install dependencies	2026-04-01T09:29:48.6913629Z Collecting annotated-types>=0.6.0 (from pydantic>=2.12.5->-r requirements.txt (line 3))
backend-tests	Install dependencies	2026-04-01T09:29:48.7046156Z   Downloading annotated_types-0.7.0-py3-none-any.whl.metadata (15 kB)
backend-tests	Install dependencies	2026-04-01T09:29:49.4180519Z Collecting pydantic-core==2.41.5 (from pydantic>=2.12.5->-r requirements.txt (line 3))
backend-tests	Install dependencies	2026-04-01T09:29:49.4317608Z   Downloading pydantic_core-2.41.5-cp311-cp311-manylinux_2_17_x86_64.manylinux2014_x86_64.whl.metadata (7.3 kB)
backend-tests	Install dependencies	2026-04-01T09:29:49.4631058Z Collecting python-dotenv>=0.21.0 (from pydantic-settings>=2.13.1->-r requirements.txt (line 4))
backend-tests	Install dependencies	2026-04-01T09:29:49.4764948Z   Downloading python_dotenv-1.2.2-py3-none-any.whl.metadata (27 kB)
backend-tests	Install dependencies	2026-04-01T09:29:49.5095050Z Collecting anyio (from httpx>=0.28.1->-r requirements.txt (line 6))
backend-tests	Install dependencies	2026-04-01T09:29:49.5227179Z   Downloading anyio-4.13.0-py3-none-any.whl.metadata (4.5 kB)
backend-tests	Install dependencies	2026-04-01T09:29:49.5534593Z Collecting certifi (from httpx>=0.28.1->-r requirements.txt (line 6))
backend-tests	Install dependencies	2026-04-01T09:29:49.5667808Z   Downloading certifi-2026.2.25-py3-none-any.whl.metadata (2.5 kB)
backend-tests	Install dependencies	2026-04-01T09:29:49.5949923Z Collecting httpcore==1.* (from httpx>=0.28.1->-r requirements.txt (line 6))
backend-tests	Install dependencies	2026-04-01T09:29:49.6083567Z   Downloading httpcore-1.0.9-py3-none-any.whl.metadata (21 kB)
backend-tests	Install dependencies	2026-04-01T09:29:49.6349699Z Collecting idna (from httpx>=0.28.1->-r requirements.txt (line 6))
backend-tests	Install dependencies	2026-04-01T09:29:49.6483501Z   Downloading idna-3.11-py3-none-any.whl.metadata (8.4 kB)
backend-tests	Install dependencies	2026-04-01T09:29:50.1996829Z Collecting grpcio>=1.41.0 (from qdrant-client>=1.17.1->-r requirements.txt (line 8))
backend-tests	Install dependencies	2026-04-01T09:29:50.2134623Z   Downloading grpcio-1.80.0-cp311-cp311-manylinux2014_x86_64.manylinux_2_17_x86_64.whl.metadata (3.8 kB)
backend-tests	Install dependencies	2026-04-01T09:29:50.2440034Z Collecting portalocker<4.0,>=2.7.0 (from qdrant-client>=1.17.1->-r requirements.txt (line 8))
backend-tests	Install dependencies	2026-04-01T09:29:50.2580491Z   Downloading portalocker-3.2.0-py3-none-any.whl.metadata (8.7 kB)
backend-tests	Install dependencies	2026-04-01T09:29:50.4135199Z Collecting protobuf>=3.20.0 (from qdrant-client>=1.17.1->-r requirements.txt (line 8))
backend-tests	Install dependencies	2026-04-01T09:29:50.4270880Z   Downloading protobuf-7.34.1-cp310-abi3-manylinux2014_x86_64.whl.metadata (595 bytes)
backend-tests	Install dependencies	2026-04-01T09:29:50.4616952Z Collecting urllib3<3,>=1.26.14 (from qdrant-client>=1.17.1->-r requirements.txt (line 8))
backend-tests	Install dependencies	2026-04-01T09:29:50.4751485Z   Downloading urllib3-2.6.3-py3-none-any.whl.metadata (6.9 kB)
backend-tests	Install dependencies	2026-04-01T09:29:50.4872530Z INFO: pip is looking at multiple versions of arq to determine which version is compatible with other requirements. This could take a while.
backend-tests	Install dependencies	2026-04-01T09:29:50.5044336Z   Downloading urllib3-2.6.2-py3-none-any.whl.metadata (6.6 kB)
backend-tests	Install dependencies	2026-04-01T09:29:50.5095977Z Collecting portalocker<4.0,>=2.7.0 (from qdrant-client>=1.17.1->-r requirements.txt (line 8))
backend-tests	Install dependencies	2026-04-01T09:29:50.5240896Z   Downloading portalocker-3.1.1-py3-none-any.whl.metadata (8.6 kB)
backend-tests	Install dependencies	2026-04-01T09:29:50.5296982Z Collecting httpcore==1.* (from httpx>=0.28.1->-r requirements.txt (line 6))
backend-tests	Install dependencies	2026-04-01T09:29:50.5430148Z   Downloading httpcore-1.0.8-py3-none-any.whl.metadata (21 kB)
backend-tests	Install dependencies	2026-04-01T09:29:50.5492808Z ERROR: Cannot install -r requirements.txt (line 16) and redis>=7.4.0 because these package versions have conflicting dependencies.
backend-tests	Install dependencies	2026-04-01T09:29:50.5496715Z 
backend-tests	Install dependencies	2026-04-01T09:29:50.5499489Z The conflict is caused by:
backend-tests	Install dependencies	2026-04-01T09:29:50.5511147Z     The user requested redis>=7.4.0
backend-tests	Install dependencies	2026-04-01T09:29:50.5513111Z     arq 0.27.0 depends on redis<6 and >=4.2.0
backend-tests	Install dependencies	2026-04-01T09:29:50.5515310Z 
backend-tests	Install dependencies	2026-04-01T09:29:50.5517464Z Additionally, some packages in these conflicts have no matching distributions available for your environment:
backend-tests	Install dependencies	2026-04-01T09:29:50.5519848Z     redis
backend-tests	Install dependencies	2026-04-01T09:29:50.5522111Z 
backend-tests	Install dependencies	2026-04-01T09:29:50.5522306Z To fix this you could try to:
backend-tests	Install dependencies	2026-04-01T09:29:50.5522833Z 1. loosen the range of package versions you've specified
backend-tests	Install dependencies	2026-04-01T09:29:50.5523626Z 2. remove package versions to allow pip to attempt to solve the dependency conflict
backend-tests	Install dependencies	2026-04-01T09:29:50.5524184Z 
backend-tests	Install dependencies	2026-04-01T09:29:50.6782390Z ERROR: ResolutionImpossible: for help visit https://pip.pypa.io/en/latest/topics/dependency-resolution/#dealing-with-dependency-conflicts
backend-tests	Install dependencies	2026-04-01T09:29:51.3167036Z ##[error]Process completed with exit code 1.
